2026-02-09 changed: /home/ubuntu/.openclaw/workspace/TOOLS.md, /home/ubuntu/.openclaw/workspace/MEMORY.md
2026-02-09 changed: /home/ubuntu/.openclaw/workspace/MEMORY.md
2026-02-09 changed: /home/ubuntu/.openclaw/workspace/SOUL.md
2026-02-09 changed: /home/ubuntu/.openclaw/workspace/MEMORY.md
2026-02-09 changed: /home/ubuntu/.openclaw/workspace/MEMORY.md
2026-02-10 changed: /home/ubuntu/.openclaw/workspace/MEMORY.md
2026-02-10 changed: /home/ubuntu/.openclaw/workspace/memory/2026-02-10.md
2026-02-10 changed: /home/ubuntu/.openclaw/workspace/TOOLS.md
2026-02-10 changed: /home/ubuntu/.openclaw/workspace/TOOLS.md, /home/ubuntu/.openclaw/workspace/MEMORY.md
2026-02-10 changed: /home/ubuntu/.openclaw/workspace/TOOLS.md, /home/ubuntu/.openclaw/workspace/MEMORY.md
2026-02-10 changed: /home/ubuntu/.openclaw/workspace/MEMORY.md
2026-02-11 changed: /home/ubuntu/.openclaw/workspace/AGENTS.md, /home/ubuntu/.openclaw/workspace/SOUL.md, /home/ubuntu/.openclaw/workspace/USER.md, /home/ubuntu/.openclaw/workspace/MEMORY.md
2026-02-11 changed: /home/ubuntu/.openclaw/workspace/AGENTS.md, /home/ubuntu/.openclaw/workspace/SOUL.md
2026-02-11 changed: /home/ubuntu/.openclaw/workspace/AGENTS.md, /home/ubuntu/.openclaw/workspace/TOOLS.md, /home/ubuntu/.openclaw/workspace/MEMORY.md
2026-02-11 changed: /home/ubuntu/.openclaw/workspace/TOOLS.md, /home/ubuntu/.openclaw/workspace/MEMORY.md
2026-02-11 changed: /home/ubuntu/.openclaw/workspace/AGENTS.md, /home/ubuntu/.openclaw/workspace/MEMORY.md
2026-02-11 changed: /home/ubuntu/.openclaw/workspace/AGENTS.md, /home/ubuntu/.openclaw/workspace/MEMORY.md
2026-02-11 changed: /home/ubuntu/.openclaw/workspace/MEMORY.md
2026-02-11 changed: /home/ubuntu/.openclaw/workspace/MEMORY.md
2026-02-11 changed: /home/ubuntu/.openclaw/workspace/MEMORY.md
2026-02-11 changed: /home/ubuntu/.openclaw/workspace/MEMORY.md
2026-02-11 changed: /home/ubuntu/.openclaw/workspace/MEMORY.md
2026-02-12 changed: /home/ubuntu/.openclaw/workspace/MEMORY.md
2026-02-12 changed: /home/ubuntu/.openclaw/workspace/MEMORY.md
